Using pre-set license
Built from '2020.3/staging' branch; Version is '2020.3.6f1 (338bb68529b2) revision 3378102'; Using compiler version '192528614'; Build Type 'Release'
OS: 'Windows 10 Education; OS build 17763.1879; Version 1809; 64bit' Language: 'sv' Physical Memory: 16254 MB
BatchMode: 1, IsHumanControllingUs: 0, StartBugReporterOnCrash: 0, Is64bit: 1, IsPro: 0

 COMMAND LINE ARGUMENTS:
C:\Program Files\Unity\Hub\Editor\2020.3.6f1\Editor\Unity.exe
-adb2
-batchMode
-noUpm
-name
AssetImportWorker0
-projectPath
C:/Users/john.roddis/Documents/GitHub/Shark-Tank
-logFile
Logs/AssetImportWorker0.log
-srvPort
53324
Successfully changed project path to: C:/Users/john.roddis/Documents/GitHub/Shark-Tank
C:/Users/john.roddis/Documents/GitHub/Shark-Tank
Using Asset Import Pipeline V2.
Refreshing native plugins compatible for Editor in 117.59 ms, found 0 plugins.
Preloading 0 native plugins for Editor in 0.00 ms.
Initialize engine version: 2020.3.6f1 (338bb68529b2)
[Subsystems] Discovering subsystems at path C:/Program Files/Unity/Hub/Editor/2020.3.6f1/Editor/Data/Resources/UnitySubsystems
[Subsystems] Discovering subsystems at path C:/Users/john.roddis/Documents/GitHub/Shark-Tank/Assets
GfxDevice: creating device client; threaded=0
Direct3D:
    Version:  Direct3D 11.0 [level 11.1]
    Renderer: NVIDIA GeForce MX250 (ID=0x1d13)
    Vendor:   
    VRAM:     1983 MB
    Driver:   26.21.14.4223
Shader 'Universal Render Pipeline/Particles/Lit': fallback shader 'Universal Render Pipeline/Particles/SimpleLit' not found
Initialize mono
Mono path[0] = 'C:/Program Files/Unity/Hub/Editor/2020.3.6f1/Editor/Data/Managed'
Mono path[1] = 'C:/Program Files/Unity/Hub/Editor/2020.3.6f1/Editor/Data/MonoBleedingEdge/lib/mono/unityjit'
Mono config path = 'C:/Program Files/Unity/Hub/Editor/2020.3.6f1/Editor/Data/MonoBleedingEdge/etc'
Using monoOptions --debugger-agent=transport=dt_socket,embedding=1,server=y,suspend=n,address=127.0.0.1:56648
Begin MonoManager ReloadAssembly
Registering precompiled unity dll's ...
Register platform support module: C:/Program Files/Unity/Hub/Editor/2020.3.6f1/Editor/Data/PlaybackEngines/WindowsStandaloneSupport/UnityEditor.WindowsStandalone.Extensions.dll
Registered in 0.001361 seconds.
Native extension for WindowsStandalone target not found
Refreshing native plugins compatible for Editor in 96.09 ms, found 0 plugins.
Preloading 0 native plugins for Editor in 0.00 ms.
Mono: successfully reloaded assembly
- Completed reload, in  1.850 seconds
Platform modules already initialized, skipping
Registering precompiled user dll's ...
Registered in 0.001990 seconds.
Begin MonoManager ReloadAssembly
Native extension for WindowsStandalone target not found
Refreshing native plugins compatible for Editor in 75.27 ms, found 0 plugins.
Preloading 0 native plugins for Editor in 0.00 ms.
Mono: successfully reloaded assembly
- Completed reload, in  1.197 seconds
Platform modules already initialized, skipping
========================================================================
Worker process is ready to serve import requests
Shader 'Universal Render Pipeline/Particles/Lit': fallback shader 'Universal Render Pipeline/Particles/SimpleLit' not found
Launched and connected shader compiler UnityShaderCompiler.exe after 0.05 seconds
Refreshing native plugins compatible for Editor in 0.72 ms, found 0 plugins.
Preloading 0 native plugins for Editor in 0.00 ms.
Unloading 2855 Unused Serialized files (Serialized files now loaded: 0)
System memory in use before: 133.3 MB.
System memory in use after: 133.5 MB.

Unloading 37 unused Assets to reduce memory usage. Loaded Objects now: 3280.
Total: 2.341300 ms (FindLiveObjects: 0.294100 ms CreateObjectMapping: 0.146000 ms MarkObjects: 1.790600 ms  DeleteObjects: 0.109800 ms)

========================================================================
Received Import Request.
  path: Assets/Scenes/Menu.unity
  artifactKey: Guid(1cd37de67ab01684697e92ae060e94c2) Importer(815301076,1909f56bfc062723c751e8b465ee728b)
Start importing Assets/Scenes/Menu.unity using Guid(1cd37de67ab01684697e92ae060e94c2) Importer(815301076,1909f56bfc062723c751e8b465ee728b)  -> (artifact id: '5dcdd78a5c60144548876725cc8e4809') in 0.019162 seconds
  Import took 0.024288 seconds .

========================================================================
Received Import Request.
  Time since last request: 12.633207 seconds.
  path: Assets/Art/Paneler/1 (2).png
  artifactKey: Guid(6c2faf6f852f7ec468fc715e2379114f) Importer(815301076,1909f56bfc062723c751e8b465ee728b)
Start importing Assets/Art/Paneler/1 (2).png using Guid(6c2faf6f852f7ec468fc715e2379114f) Importer(815301076,1909f56bfc062723c751e8b465ee728b)  -> (artifact id: 'e7343903cdd27f36a67f0891dcbca545') in 0.115796 seconds
  Import took 0.121986 seconds .

========================================================================
Received Import Request.
  Time since last request: 0.000399 seconds.
  path: Assets/Art/Paneler/15 (2).png
  artifactKey: Guid(7099efac3ae1fd341bbae92ac8d63a3d) Importer(815301076,1909f56bfc062723c751e8b465ee728b)
Start importing Assets/Art/Paneler/15 (2).png using Guid(7099efac3ae1fd341bbae92ac8d63a3d) Importer(815301076,1909f56bfc062723c751e8b465ee728b)  -> (artifact id: '935e867842f87382411cc5a4dd02fa25') in 0.046833 seconds
  Import took 0.052550 seconds .

========================================================================
Received Import Request.
  Time since last request: 0.000369 seconds.
  path: Assets/Art/Paneler/RoundedBarEmpty.png
  artifactKey: Guid(b7410a6ad54bc564e8e0383054a41c74) Importer(815301076,1909f56bfc062723c751e8b465ee728b)
Start importing Assets/Art/Paneler/RoundedBarEmpty.png using Guid(b7410a6ad54bc564e8e0383054a41c74) Importer(815301076,1909f56bfc062723c751e8b465ee728b)  -> (artifact id: 'dbc86712a06eb773f33511288e65540a') in 0.026758 seconds
  Import took 0.031553 seconds .

========================================================================
Received Import Request.
  Time since last request: 0.000321 seconds.
  path: Assets/Art/Paneler/1 (2).png
  artifactKey: Guid(6c2faf6f852f7ec468fc715e2379114f) Importer(815301076,1909f56bfc062723c751e8b465ee728b)
Start importing Assets/Art/Paneler/1 (2).png using Guid(6c2faf6f852f7ec468fc715e2379114f) Importer(815301076,1909f56bfc062723c751e8b465ee728b)  -> (artifact id: 'e7343903cdd27f36a67f0891dcbca545') in 0.014275 seconds
  Import took 0.019919 seconds .

========================================================================
Received Import Request.
  Time since last request: 0.000283 seconds.
  path: Assets/Art/Paneler/9 (2).png
  artifactKey: Guid(32380fdb56806284d928c245224177ad) Importer(815301076,1909f56bfc062723c751e8b465ee728b)
Start importing Assets/Art/Paneler/9 (2).png using Guid(32380fdb56806284d928c245224177ad) Importer(815301076,1909f56bfc062723c751e8b465ee728b)  -> (artifact id: '4ffd5fe76f178c90a315917f81df29c3') in 0.024637 seconds
  Import took 0.030918 seconds .

========================================================================
Received Import Request.
  Time since last request: 0.000363 seconds.
  path: Assets/Art/Paneler/SimpleGradientPanel.png
  artifactKey: Guid(fcb72474295a78443a770f7c352920f1) Importer(815301076,1909f56bfc062723c751e8b465ee728b)
Start importing Assets/Art/Paneler/SimpleGradientPanel.png using Guid(fcb72474295a78443a770f7c352920f1) Importer(815301076,1909f56bfc062723c751e8b465ee728b)  -> (artifact id: 'c2c9ea1c3bd3e63b8d9a0e0518cc36e0') in 0.062465 seconds
  Import took 0.067284 seconds .

========================================================================
Received Import Request.
  Time since last request: 0.000224 seconds.
  path: Assets/Art/Paneler/13 (2).png
  artifactKey: Guid(508ee50b4f0e3aa4391d51bdfadd3cd3) Importer(815301076,1909f56bfc062723c751e8b465ee728b)
Start importing Assets/Art/Paneler/13 (2).png using Guid(508ee50b4f0e3aa4391d51bdfadd3cd3) Importer(815301076,1909f56bfc062723c751e8b465ee728b)  -> (artifact id: '69575dd03792c543f9e8e0165328fed4') in 0.031624 seconds
  Import took 0.038874 seconds .

========================================================================
Received Import Request.
  Time since last request: 0.000273 seconds.
  path: Assets/Art/Paneler/16 (2).png
  artifactKey: Guid(8497f970decce6845aed4e41d562fa4d) Importer(815301076,1909f56bfc062723c751e8b465ee728b)
Start importing Assets/Art/Paneler/16 (2).png using Guid(8497f970decce6845aed4e41d562fa4d) Importer(815301076,1909f56bfc062723c751e8b465ee728b)  -> (artifact id: '359ee62c2efa61b0a0e4c5f249295b45') in 0.026354 seconds
  Import took 0.032746 seconds .

========================================================================
Received Import Request.
  Time since last request: 0.000328 seconds.
  path: Assets/Art/Paneler/ButtonDark.png
  artifactKey: Guid(0b1c2509c76f8ba41b349d8bbaa706ce) Importer(815301076,1909f56bfc062723c751e8b465ee728b)
Start importing Assets/Art/Paneler/ButtonDark.png using Guid(0b1c2509c76f8ba41b349d8bbaa706ce) Importer(815301076,1909f56bfc062723c751e8b465ee728b)  -> (artifact id: 'b8260bb652bc1a54349b2c54e1c70650') in 0.023426 seconds
  Import took 0.030437 seconds .

========================================================================
Received Import Request.
  Time since last request: 0.000315 seconds.
  path: Assets/Art/Paneler/PengPanel.png
  artifactKey: Guid(0882bdd69b4b81241b9f5a020cc744c2) Importer(815301076,1909f56bfc062723c751e8b465ee728b)
Start importing Assets/Art/Paneler/PengPanel.png using Guid(0882bdd69b4b81241b9f5a020cc744c2) Importer(815301076,1909f56bfc062723c751e8b465ee728b)  -> (artifact id: 'ba9d746dc9bcb01eadf57294729e2a35') in 0.029758 seconds
  Import took 0.035096 seconds .

========================================================================
Received Import Request.
  Time since last request: 0.000295 seconds.
  path: Assets/Art/Paneler/Boll.png
  artifactKey: Guid(7f4615060a06a7f4a857574f33138889) Importer(815301076,1909f56bfc062723c751e8b465ee728b)
Start importing Assets/Art/Paneler/Boll.png using Guid(7f4615060a06a7f4a857574f33138889) Importer(815301076,1909f56bfc062723c751e8b465ee728b)  -> (artifact id: '453b431eaa7528cd8cd0a85f9d2c4d8a') in 0.024321 seconds
  Import took 0.030353 seconds .

========================================================================
Received Import Request.
  Time since last request: 0.000654 seconds.
  path: Assets/Art/Paneler/5 (2).png
  artifactKey: Guid(2e8f2159c66804d428ea63013536e1fc) Importer(815301076,1909f56bfc062723c751e8b465ee728b)
Start importing Assets/Art/Paneler/5 (2).png using Guid(2e8f2159c66804d428ea63013536e1fc) Importer(815301076,1909f56bfc062723c751e8b465ee728b)  -> (artifact id: 'f8d5abfeb2bcae2321bebd271f3177d8') in 0.026825 seconds
  Import took 0.032643 seconds .

========================================================================
Received Import Request.
  Time since last request: 0.000302 seconds.
  path: Assets/Art/Paneler/7.png
  artifactKey: Guid(a81d0ed213972cb45a6249c22f4c7859) Importer(815301076,1909f56bfc062723c751e8b465ee728b)
Start importing Assets/Art/Paneler/7.png using Guid(a81d0ed213972cb45a6249c22f4c7859) Importer(815301076,1909f56bfc062723c751e8b465ee728b)  -> (artifact id: '48bd03e14f6bc1e42a46a88864c968a9') in 0.026757 seconds
  Import took 0.033907 seconds .

========================================================================
Received Import Request.
  Time since last request: 0.000289 seconds.
  path: Assets/Art/Paneler/10 (2).png
  artifactKey: Guid(8ed09894763996740b9925c51a346b19) Importer(815301076,1909f56bfc062723c751e8b465ee728b)
Start importing Assets/Art/Paneler/10 (2).png using Guid(8ed09894763996740b9925c51a346b19) Importer(815301076,1909f56bfc062723c751e8b465ee728b)  -> (artifact id: '8ae610a7d81233f3e6685536f2176ecd') in 0.026972 seconds
  Import took 0.032944 seconds .

========================================================================
Received Import Request.
  Time since last request: 0.000324 seconds.
  path: Assets/Art/Paneler/11 (2).png
  artifactKey: Guid(68da1cd5669f6f94885e7fb265fb96f9) Importer(815301076,1909f56bfc062723c751e8b465ee728b)
Start importing Assets/Art/Paneler/11 (2).png using Guid(68da1cd5669f6f94885e7fb265fb96f9) Importer(815301076,1909f56bfc062723c751e8b465ee728b)  -> (artifact id: '85ff4ff2e5d95dbc97eb4a0585bfa331') in 0.025851 seconds
  Import took 0.032230 seconds .

========================================================================
Received Import Request.
  Time since last request: 0.000322 seconds.
  path: Assets/Art/Paneler/20 (2).png
  artifactKey: Guid(a8080bc637feaef4f87d105693954395) Importer(815301076,1909f56bfc062723c751e8b465ee728b)
Start importing Assets/Art/Paneler/20 (2).png using Guid(a8080bc637feaef4f87d105693954395) Importer(815301076,1909f56bfc062723c751e8b465ee728b)  -> (artifact id: 'c5f0e904dd97610c3fd38d0d411b5d43') in 0.025381 seconds
  Import took 0.030118 seconds .

========================================================================
Received Import Request.
  Time since last request: 0.000477 seconds.
  path: Assets/Art/Paneler/Crate_Box.png
  artifactKey: Guid(99b6e6a69132f8446a0159f81a91179b) Importer(815301076,1909f56bfc062723c751e8b465ee728b)
Start importing Assets/Art/Paneler/Crate_Box.png using Guid(99b6e6a69132f8446a0159f81a91179b) Importer(815301076,1909f56bfc062723c751e8b465ee728b)  -> (artifact id: 'c1c862140d4abf5c34d798270dd05991') in 0.024892 seconds
  Import took 0.031969 seconds .

========================================================================
Received Import Request.
  Time since last request: 0.000217 seconds.
  path: Assets/Art/Paneler/Plattform.png
  artifactKey: Guid(21d5b19f9ffc03549a2c60911a540cbe) Importer(815301076,1909f56bfc062723c751e8b465ee728b)
Start importing Assets/Art/Paneler/Plattform.png using Guid(21d5b19f9ffc03549a2c60911a540cbe) Importer(815301076,1909f56bfc062723c751e8b465ee728b)  -> (artifact id: '4bf80c319c28e7aff0ff9662a376af51') in 0.025294 seconds
  Import took 0.031132 seconds .

========================================================================
Received Import Request.
  Time since last request: 0.000274 seconds.
  path: Assets/Art/Paneler/ButtonLessDark.png
  artifactKey: Guid(7de8c174efd135e44a20a4530d7c7f87) Importer(815301076,1909f56bfc062723c751e8b465ee728b)
Start importing Assets/Art/Paneler/ButtonLessDark.png using Guid(7de8c174efd135e44a20a4530d7c7f87) Importer(815301076,1909f56bfc062723c751e8b465ee728b)  -> (artifact id: '48444d9037d03f4ee06c2766dfa45de8') in 0.023991 seconds
  Import took 0.029931 seconds .

========================================================================
Received Import Request.
  Time since last request: 0.000388 seconds.
  path: Assets/Art/Paneler/2 (2).png
  artifactKey: Guid(49ec3c628962e21439274919549caadc) Importer(815301076,1909f56bfc062723c751e8b465ee728b)
Start importing Assets/Art/Paneler/2 (2).png using Guid(49ec3c628962e21439274919549caadc) Importer(815301076,1909f56bfc062723c751e8b465ee728b)  -> (artifact id: '2ad2649da914937bad21c5ccc6dd989c') in 0.028600 seconds
  Import took 0.033965 seconds .

========================================================================
Received Import Request.
  Time since last request: 0.000301 seconds.
  path: Assets/Art/Paneler/Panel.png
  artifactKey: Guid(c6db34b98b4ca0043b50ce6462cd9c4b) Importer(815301076,1909f56bfc062723c751e8b465ee728b)
Start importing Assets/Art/Paneler/Panel.png using Guid(c6db34b98b4ca0043b50ce6462cd9c4b) Importer(815301076,1909f56bfc062723c751e8b465ee728b)  -> (artifact id: '2bc38d779ad7b34f45e40bb2ae025b98') in 0.025515 seconds
  Import took 0.030759 seconds .

========================================================================
Received Import Request.
  Time since last request: 0.000223 seconds.
  path: Assets/Art/Paneler/Button.png
  artifactKey: Guid(7c85bde77b3e93f4c91e95a261ed9ad9) Importer(815301076,1909f56bfc062723c751e8b465ee728b)
Start importing Assets/Art/Paneler/Button.png using Guid(7c85bde77b3e93f4c91e95a261ed9ad9) Importer(815301076,1909f56bfc062723c751e8b465ee728b)  -> (artifact id: '180c19c03349c63b920a74f957de4661') in 0.024358 seconds
  Import took 0.030211 seconds .

========================================================================
Received Import Request.
  Time since last request: 0.000368 seconds.
  path: Assets/Art/Paneler/SimplePanel.png
  artifactKey: Guid(9b9fc701a1fd842428c689649122c5bd) Importer(815301076,1909f56bfc062723c751e8b465ee728b)
Start importing Assets/Art/Paneler/SimplePanel.png using Guid(9b9fc701a1fd842428c689649122c5bd) Importer(815301076,1909f56bfc062723c751e8b465ee728b)  -> (artifact id: '8479ef926a8b4676db254f872f2991e7') in 0.032027 seconds
  Import took 0.037656 seconds .

========================================================================
Received Import Request.
  Time since last request: 0.000387 seconds.
  path: Assets/Art/Paneler/19 (2).png
  artifactKey: Guid(eebdec0ae87250042a1fcba64a87bd4b) Importer(815301076,1909f56bfc062723c751e8b465ee728b)
Start importing Assets/Art/Paneler/19 (2).png using Guid(eebdec0ae87250042a1fcba64a87bd4b) Importer(815301076,1909f56bfc062723c751e8b465ee728b)  -> (artifact id: '0772d84c686beda843d45ce571eefc14') in 0.026099 seconds
  Import took 0.031789 seconds .

