Using pre-set license
Built from '2020.3/staging' branch; Version is '2020.3.6f1 (338bb68529b2) revision 3378102'; Using compiler version '192528614'; Build Type 'Release'
OS: 'Windows 10 Home; OS build 19041.1237; Version 2004; 64bit' Language: 'en' Physical Memory: 16303 MB
BatchMode: 1, IsHumanControllingUs: 0, StartBugReporterOnCrash: 0, Is64bit: 1, IsPro: 0

 COMMAND LINE ARGUMENTS:
D:\Games\Unity\2020.3.6f1\Editor\Unity.exe
-adb2
-batchMode
-noUpm
-name
AssetImportWorker0
-projectPath
D:/Github/Wack-A-Mole
-logFile
Logs/AssetImportWorker0.log
-srvPort
60776
Successfully changed project path to: D:/Github/Wack-A-Mole
D:/Github/Wack-A-Mole
Using Asset Import Pipeline V2.
Refreshing native plugins compatible for Editor in 158.04 ms, found 0 plugins.
Preloading 0 native plugins for Editor in 0.00 ms.
Initialize engine version: 2020.3.6f1 (338bb68529b2)
[Subsystems] Discovering subsystems at path D:/Games/Unity/2020.3.6f1/Editor/Data/Resources/UnitySubsystems
[Subsystems] Discovering subsystems at path D:/Github/Wack-A-Mole/Assets
GfxDevice: creating device client; threaded=0
Direct3D:
    Version:  Direct3D 11.0 [level 11.1]
    Renderer: NVIDIA GeForce GTX 980 (ID=0x13c0)
    Vendor:   
    VRAM:     4053 MB
    Driver:   27.21.14.6192
Shader 'Universal Render Pipeline/Particles/Lit': fallback shader 'Universal Render Pipeline/Particles/SimpleLit' not found
Initialize mono
Mono path[0] = 'D:/Games/Unity/2020.3.6f1/Editor/Data/Managed'
Mono path[1] = 'D:/Games/Unity/2020.3.6f1/Editor/Data/MonoBleedingEdge/lib/mono/unityjit'
Mono config path = 'D:/Games/Unity/2020.3.6f1/Editor/Data/MonoBleedingEdge/etc'
Using monoOptions --debugger-agent=transport=dt_socket,embedding=1,server=y,suspend=n,address=127.0.0.1:56312
Begin MonoManager ReloadAssembly
Registering precompiled unity dll's ...
Register platform support module: D:/Games/Unity/2020.3.6f1/Editor/Data/PlaybackEngines/WindowsStandaloneSupport/UnityEditor.WindowsStandalone.Extensions.dll
Registered in 0.002682 seconds.
Native extension for WindowsStandalone target not found
Refreshing native plugins compatible for Editor in 74.83 ms, found 0 plugins.
Preloading 0 native plugins for Editor in 0.00 ms.
Mono: successfully reloaded assembly
- Completed reload, in  6.799 seconds
Platform modules already initialized, skipping
Registering precompiled user dll's ...
Registered in 0.004425 seconds.
Begin MonoManager ReloadAssembly
Native extension for WindowsStandalone target not found
Refreshing native plugins compatible for Editor in 89.10 ms, found 0 plugins.
Preloading 0 native plugins for Editor in 0.00 ms.
Mono: successfully reloaded assembly
- Completed reload, in  1.601 seconds
Platform modules already initialized, skipping
========================================================================
Worker process is ready to serve import requests
Shader 'Universal Render Pipeline/Particles/Lit': fallback shader 'Universal Render Pipeline/Particles/SimpleLit' not found
Launched and connected shader compiler UnityShaderCompiler.exe after 0.07 seconds
Refreshing native plugins compatible for Editor in 0.85 ms, found 0 plugins.
Preloading 0 native plugins for Editor in 0.00 ms.
Unloading 2861 Unused Serialized files (Serialized files now loaded: 0)
System memory in use before: 151.4 MB.
System memory in use after: 151.6 MB.

Unloading 37 unused Assets to reduce memory usage. Loaded Objects now: 3304.
Total: 3.208500 ms (FindLiveObjects: 0.383100 ms CreateObjectMapping: 0.179300 ms MarkObjects: 2.491800 ms  DeleteObjects: 0.152200 ms)

========================================================================
Received Import Request.
  path: Assets/Shaders/UI_DefaultHDR.mat
  artifactKey: Guid(0f0de3246cf45be448647c1bd3449f38) Importer(815301076,1909f56bfc062723c751e8b465ee728b)
Start importing Assets/Shaders/UI_DefaultHDR.mat using Guid(0f0de3246cf45be448647c1bd3449f38) Importer(815301076,1909f56bfc062723c751e8b465ee728b)  -> (artifact id: 'e9eee0cc100d6d3d4a7ede5eef1e3340') in 0.519864 seconds
  Import took 0.545190 seconds .

========================================================================
Received Import Request.
  Time since last request: 0.000616 seconds.
  path: Assets/Shaders/UI_DefaultHDR BIG LIGHT.mat
  artifactKey: Guid(ed670b724e3ed624ea188813144b7c80) Importer(815301076,1909f56bfc062723c751e8b465ee728b)
Start importing Assets/Shaders/UI_DefaultHDR BIG LIGHT.mat using Guid(ed670b724e3ed624ea188813144b7c80) Importer(815301076,1909f56bfc062723c751e8b465ee728b)  -> (artifact id: '5e259c3758cae7df52e344498a921adb') in 0.034342 seconds
  Import took 0.066175 seconds .

========================================================================
Received Import Request.
  Time since last request: 19.595668 seconds.
  path: Assets/Scripts/John/Cards/ExperienceCard.cs
  artifactKey: Guid(4933cac56b368e94c9b2dff50aca04e4) Importer(815301076,1909f56bfc062723c751e8b465ee728b)
Start importing Assets/Scripts/John/Cards/ExperienceCard.cs using Guid(4933cac56b368e94c9b2dff50aca04e4) Importer(815301076,1909f56bfc062723c751e8b465ee728b)  -> (artifact id: '1676f54758cfc29a8b111aad0b23e743') in 3.274171 seconds
  Import took 3.307609 seconds .

========================================================================
Received Prepare
Registering precompiled user dll's ...
Registered in 0.003057 seconds.
Begin MonoManager ReloadAssembly
Native extension for WindowsStandalone target not found
Refreshing native plugins compatible for Editor in 0.88 ms, found 0 plugins.
Preloading 0 native plugins for Editor in 0.00 ms.
Mono: successfully reloaded assembly
- Completed reload, in  1.455 seconds
Platform modules already initialized, skipping
Switching build target platform(5) subTarget(0) extendedPlatform(0) -> platform(13) subTarget(537395200) extendedPlatform(0)
Shader 'Universal Render Pipeline/Particles/Lit': fallback shader 'Universal Render Pipeline/Particles/SimpleLit' not found
Refreshing native plugins compatible for Editor in 0.89 ms, found 0 plugins.
Preloading 0 native plugins for Editor in 0.00 ms.
Unloading 2716 Unused Serialized files (Serialized files now loaded: 0)
System memory in use before: 145.3 MB.
System memory in use after: 145.5 MB.

Unloading 28 unused Assets to reduce memory usage. Loaded Objects now: 3386.
Total: 3.122000 ms (FindLiveObjects: 0.462000 ms CreateObjectMapping: 0.324900 ms MarkObjects: 2.258100 ms  DeleteObjects: 0.075800 ms)

AssetImportParameters requested are different than current active one (requested -> active):
  custom:graphics/normal-map-encoding: 01000000000000000000000000000000 -> 02000000000000000000000000000000
========================================================================
Received Import Request.
  Time since last request: 20.447959 seconds.
  path: Assets/Scripts/John/Cards/ClickHitboxCard.cs
  artifactKey: Guid(4231b98c7e48ed24888babcb22ed4d1f) Importer(815301076,1909f56bfc062723c751e8b465ee728b)
Start importing Assets/Scripts/John/Cards/ClickHitboxCard.cs using Guid(4231b98c7e48ed24888babcb22ed4d1f) Importer(815301076,1909f56bfc062723c751e8b465ee728b)  -> (artifact id: '3f80b374dee0dca8b1c4f1d9e4b233cf') in 0.012599 seconds
  Import took 0.024684 seconds .

========================================================================
Received Prepare
Registering precompiled user dll's ...
Registered in 0.002834 seconds.
Begin MonoManager ReloadAssembly
Native extension for WindowsStandalone target not found
Refreshing native plugins compatible for Editor in 0.95 ms, found 0 plugins.
Preloading 0 native plugins for Editor in 0.00 ms.
Mono: successfully reloaded assembly
- Completed reload, in  1.503 seconds
Platform modules already initialized, skipping
Switching build target platform(5) subTarget(0) extendedPlatform(0) -> platform(13) subTarget(537395200) extendedPlatform(0)
Shader 'Universal Render Pipeline/Particles/Lit': fallback shader 'Universal Render Pipeline/Particles/SimpleLit' not found
Refreshing native plugins compatible for Editor in 1.28 ms, found 0 plugins.
Preloading 0 native plugins for Editor in 0.00 ms.
Unloading 2717 Unused Serialized files (Serialized files now loaded: 0)
System memory in use before: 145.3 MB.
System memory in use after: 145.5 MB.

Unloading 28 unused Assets to reduce memory usage. Loaded Objects now: 3390.
Total: 3.650600 ms (FindLiveObjects: 0.336400 ms CreateObjectMapping: 0.133300 ms MarkObjects: 3.127100 ms  DeleteObjects: 0.052400 ms)

AssetImportParameters requested are different than current active one (requested -> active):
  custom:graphics/normal-map-encoding: 01000000000000000000000000000000 -> 02000000000000000000000000000000
========================================================================
Received Import Request.
  Time since last request: 205.560355 seconds.
  path: Assets/Art/ball and chain.png
  artifactKey: Guid(99e876c195ecf4740acbb62e0172089e) Importer(815301076,1909f56bfc062723c751e8b465ee728b)
Start importing Assets/Art/ball and chain.png using Guid(99e876c195ecf4740acbb62e0172089e) Importer(815301076,1909f56bfc062723c751e8b465ee728b)  -> (artifact id: 'eb200d84d76ed0885bb03b2c1381a5d2') in 0.122005 seconds
  Import took 0.157669 seconds .

========================================================================
Received Import Request.
  Time since last request: 8.182704 seconds.
  path: Assets/Art/ball and chain.png
  artifactKey: Guid(99e876c195ecf4740acbb62e0172089e) Importer(815301076,1909f56bfc062723c751e8b465ee728b)
Start importing Assets/Art/ball and chain.png using Guid(99e876c195ecf4740acbb62e0172089e) Importer(815301076,1909f56bfc062723c751e8b465ee728b)  -> (artifact id: '7c80a83b126c4d6af0ac05038e0100b4') in 0.053519 seconds
  Import took 0.070133 seconds .

========================================================================
Received Prepare
Registering precompiled user dll's ...
Registered in 0.003364 seconds.
Begin MonoManager ReloadAssembly
Native extension for WindowsStandalone target not found
Refreshing native plugins compatible for Editor in 1.55 ms, found 0 plugins.
Preloading 0 native plugins for Editor in 0.00 ms.
Mono: successfully reloaded assembly
- Completed reload, in  1.636 seconds
Platform modules already initialized, skipping
Switching build target platform(5) subTarget(0) extendedPlatform(0) -> platform(13) subTarget(537395200) extendedPlatform(0)
Shader 'Universal Render Pipeline/Particles/Lit': fallback shader 'Universal Render Pipeline/Particles/SimpleLit' not found
Refreshing native plugins compatible for Editor in 0.94 ms, found 0 plugins.
Preloading 0 native plugins for Editor in 0.00 ms.
Unloading 2717 Unused Serialized files (Serialized files now loaded: 0)
System memory in use before: 145.4 MB.
System memory in use after: 145.6 MB.

Unloading 28 unused Assets to reduce memory usage. Loaded Objects now: 3396.
Total: 3.018800 ms (FindLiveObjects: 0.352600 ms CreateObjectMapping: 0.163000 ms MarkObjects: 2.445600 ms  DeleteObjects: 0.055800 ms)

AssetImportParameters requested are different than current active one (requested -> active):
  custom:graphics/normal-map-encoding: 01000000000000000000000000000000 -> 02000000000000000000000000000000
========================================================================
Received Import Request.
  Time since last request: 347.259872 seconds.
  path: Assets/Prefabs/CardOption.prefab
  artifactKey: Guid(6e799fd4136f3db40b265801cce81ce8) Importer(815301076,1909f56bfc062723c751e8b465ee728b)
Start importing Assets/Prefabs/CardOption.prefab using Guid(6e799fd4136f3db40b265801cce81ce8) Importer(815301076,1909f56bfc062723c751e8b465ee728b)  -> (artifact id: '47de882076bbe524df8ee766eb9c964e') in 0.301868 seconds
  Import took 0.340269 seconds .

========================================================================
Received Import Request.
  Time since last request: 6.941368 seconds.
  path: Assets/Prefabs
  artifactKey: Guid(fccfda52b87045f4dac811fdb363096c) Importer(815301076,1909f56bfc062723c751e8b465ee728b)
Start importing Assets/Prefabs using Guid(fccfda52b87045f4dac811fdb363096c) Importer(815301076,1909f56bfc062723c751e8b465ee728b)  -> (artifact id: '286949e400962bcc3f5a950a4994632d') in 0.006313 seconds
  Import took 0.032144 seconds .

========================================================================
Received Import Request.
  Time since last request: 7.460308 seconds.
  path: Assets/Prefabs/Cards
  artifactKey: Guid(2309f1c3f5935894080d58463d5e565e) Importer(815301076,1909f56bfc062723c751e8b465ee728b)
Start importing Assets/Prefabs/Cards using Guid(2309f1c3f5935894080d58463d5e565e) Importer(815301076,1909f56bfc062723c751e8b465ee728b)  -> (artifact id: '865722de54ea9fb329e502215328be0c') in 0.010252 seconds
  Import took 0.031220 seconds .

========================================================================
Received Import Request.
  Time since last request: 7.445599 seconds.
  path: Assets/Prefabs/Cards/SlowerSharks.prefab
  artifactKey: Guid(6e799fd4136f3db40b265801cce81ce8) Importer(815301076,1909f56bfc062723c751e8b465ee728b)
Start importing Assets/Prefabs/Cards/SlowerSharks.prefab using Guid(6e799fd4136f3db40b265801cce81ce8) Importer(815301076,1909f56bfc062723c751e8b465ee728b)  -> (artifact id: '73abdf5ce2adca8854ae187fa1a1a893') in 0.196015 seconds
  Import took 0.218838 seconds .

========================================================================
Received Prepare
Registering precompiled user dll's ...
Registered in 0.003989 seconds.
Begin MonoManager ReloadAssembly
Native extension for WindowsStandalone target not found
Refreshing native plugins compatible for Editor in 0.86 ms, found 0 plugins.
Preloading 0 native plugins for Editor in 0.00 ms.
Mono: successfully reloaded assembly
- Completed reload, in  1.557 seconds
Platform modules already initialized, skipping
Switching build target platform(5) subTarget(0) extendedPlatform(0) -> platform(13) subTarget(537395200) extendedPlatform(0)
Shader 'Universal Render Pipeline/Particles/Lit': fallback shader 'Universal Render Pipeline/Particles/SimpleLit' not found
Refreshing native plugins compatible for Editor in 2.07 ms, found 0 plugins.
Preloading 0 native plugins for Editor in 0.00 ms.
Unloading 2717 Unused Serialized files (Serialized files now loaded: 0)
System memory in use before: 145.4 MB.
System memory in use after: 145.6 MB.

Unloading 28 unused Assets to reduce memory usage. Loaded Objects now: 3399.
Total: 4.607800 ms (FindLiveObjects: 0.567300 ms CreateObjectMapping: 0.700300 ms MarkObjects: 3.309600 ms  DeleteObjects: 0.029100 ms)

AssetImportParameters requested are different than current active one (requested -> active):
  custom:graphics/normal-map-encoding: 01000000000000000000000000000000 -> 02000000000000000000000000000000
========================================================================
Received Import Request.
  Time since last request: 652.858784 seconds.
  path: Assets/Art/camera.png
  artifactKey: Guid(80ace4a7031e21345a6fe2e2feb1cea1) Importer(815301076,1909f56bfc062723c751e8b465ee728b)
Start importing Assets/Art/camera.png using Guid(80ace4a7031e21345a6fe2e2feb1cea1) Importer(815301076,1909f56bfc062723c751e8b465ee728b)  -> (artifact id: 'c0f923d1c3a81f4213dc396731ffb864') in 0.066236 seconds
  Import took 0.083901 seconds .

========================================================================
Received Import Request.
  Time since last request: 5.711752 seconds.
  path: Assets/Art/camera.png
  artifactKey: Guid(80ace4a7031e21345a6fe2e2feb1cea1) Importer(815301076,1909f56bfc062723c751e8b465ee728b)
Start importing Assets/Art/camera.png using Guid(80ace4a7031e21345a6fe2e2feb1cea1) Importer(815301076,1909f56bfc062723c751e8b465ee728b)  -> (artifact id: '569e1a3e1f9f0a9129d25f316af557ff') in 0.044333 seconds
  Import took 0.054558 seconds .

========================================================================
Received Import Request.
  Time since last request: 279.486360 seconds.
  path: Assets/Prefabs/Cards/CameraCard.prefab
  artifactKey: Guid(386b43245ee4e454593f07d8d89329ef) Importer(815301076,1909f56bfc062723c751e8b465ee728b)
Start importing Assets/Prefabs/Cards/CameraCard.prefab using Guid(386b43245ee4e454593f07d8d89329ef) Importer(815301076,1909f56bfc062723c751e8b465ee728b)  -> (artifact id: '1cbcfa5764679c859950d8804bfaf106') in 0.297386 seconds
  Import took 0.357168 seconds .

========================================================================
Received Import Request.
  Time since last request: 124.123269 seconds.
  path: Assets/Art/finger-icon-png-20.jpg
  artifactKey: Guid(23f3942680405404c9a9ec72ac0cd7aa) Importer(815301076,1909f56bfc062723c751e8b465ee728b)
Start importing Assets/Art/finger-icon-png-20.jpg using Guid(23f3942680405404c9a9ec72ac0cd7aa) Importer(815301076,1909f56bfc062723c751e8b465ee728b)  -> (artifact id: 'b995815aa1dfa3490aee8f22f3d7c281') in 0.016214 seconds
  Import took 0.037061 seconds .

========================================================================
Received Import Request.
  Time since last request: 35.459168 seconds.
  path: Assets/Art/finger-icon-png-20 1.jpg
  artifactKey: Guid(65fb0e18b04495b4a8a2822ccc2c75ca) Importer(815301076,1909f56bfc062723c751e8b465ee728b)
Start importing Assets/Art/finger-icon-png-20 1.jpg using Guid(65fb0e18b04495b4a8a2822ccc2c75ca) Importer(815301076,1909f56bfc062723c751e8b465ee728b)  -> (artifact id: '55f3fb676964c9ca1dfc6514d6c9e34a') in 0.022136 seconds
  Import took 0.037026 seconds .

========================================================================
Received Import Request.
  Time since last request: 12.225287 seconds.
  path: Assets/Art/finger-icon-png-20.jpg
  artifactKey: Guid(23f3942680405404c9a9ec72ac0cd7aa) Importer(815301076,1909f56bfc062723c751e8b465ee728b)
Start importing Assets/Art/finger-icon-png-20.jpg using Guid(23f3942680405404c9a9ec72ac0cd7aa) Importer(815301076,1909f56bfc062723c751e8b465ee728b)  -> (artifact id: '8c246dab50cf4f9f0a01a1403fe38c93') in 0.017566 seconds
  Import took 0.035598 seconds .

========================================================================
Received Import Request.
  Time since last request: 142.292279 seconds.
  path: Assets/TextMesh Pro/Examples & Extras/Resources/Fonts & Materials/Anton SDF.asset
  artifactKey: Guid(8a89fa14b10d46a99122fd4f73fca9a2) Importer(815301076,1909f56bfc062723c751e8b465ee728b)
Start importing Assets/TextMesh Pro/Examples & Extras/Resources/Fonts & Materials/Anton SDF.asset using Guid(8a89fa14b10d46a99122fd4f73fca9a2) Importer(815301076,1909f56bfc062723c751e8b465ee728b)  -> (artifact id: '9bb6b3265dcbc0f3f50e3713aa6a4d63') in 0.345064 seconds
  Import took 0.369178 seconds .

========================================================================
Received Import Request.
  Time since last request: 0.000300 seconds.
  path: Assets/TextMesh Pro/Examples & Extras/Resources/Fonts & Materials/Bangers SDF - No Outline.mat
  artifactKey: Guid(46abef87025a22742bd2e6665b3e7bdb) Importer(815301076,1909f56bfc062723c751e8b465ee728b)
Start importing Assets/TextMesh Pro/Examples & Extras/Resources/Fonts & Materials/Bangers SDF - No Outline.mat using Guid(46abef87025a22742bd2e6665b3e7bdb) Importer(815301076,1909f56bfc062723c751e8b465ee728b)  -> (artifact id: '18e953cada4e9fa9ead53c6581d8a037') in 0.072186 seconds
  Import took 0.086168 seconds .

========================================================================
Received Import Request.
  Time since last request: 0.000253 seconds.
  path: Assets/TextMesh Pro/Examples & Extras/Resources/Fonts & Materials/Bangers SDF.asset
  artifactKey: Guid(125cb55b44b24c4393181402bc6200e6) Importer(815301076,1909f56bfc062723c751e8b465ee728b)
Start importing Assets/TextMesh Pro/Examples & Extras/Resources/Fonts & Materials/Bangers SDF.asset using Guid(125cb55b44b24c4393181402bc6200e6) Importer(815301076,1909f56bfc062723c751e8b465ee728b)  -> (artifact id: 'ccc356860cd4e0eb402b95e52eb65102') in 0.062799 seconds
  Import took 0.072879 seconds .

========================================================================
Received Import Request.
  Time since last request: 0.000264 seconds.
  path: Assets/TextMesh Pro/Examples & Extras/Resources/Fonts & Materials/Bangers SDF - Drop Shadow.mat
  artifactKey: Guid(f2dcf029949142e28b974630369c8b4e) Importer(815301076,1909f56bfc062723c751e8b465ee728b)
Start importing Assets/TextMesh Pro/Examples & Extras/Resources/Fonts & Materials/Bangers SDF - Drop Shadow.mat using Guid(f2dcf029949142e28b974630369c8b4e) Importer(815301076,1909f56bfc062723c751e8b465ee728b)  -> (artifact id: '17f8bab6d721bf83a5e4217bd2ce7b31') in 0.072283 seconds
  Import took 0.078743 seconds .

========================================================================
Received Import Request.
  Time since last request: 0.903094 seconds.
  path: Assets/Art/ImportedGun/ImportedGun/Materials/M1911 Handgun_Black.mat
  artifactKey: Guid(ef4deb7b6cac3794694ab402e74b3e7e) Importer(815301076,1909f56bfc062723c751e8b465ee728b)
Start importing Assets/Art/ImportedGun/ImportedGun/Materials/M1911 Handgun_Black.mat using Guid(ef4deb7b6cac3794694ab402e74b3e7e) Importer(815301076,1909f56bfc062723c751e8b465ee728b)  -> (artifact id: 'e6d8a9b521ae7d6f6266eb327b8901b8') in 1.316136 seconds
  Import took 1.326605 seconds .

========================================================================
Received Import Request.
  Time since last request: 0.000316 seconds.
  path: Assets/Art/Font/MontSerrat Thick/Montserrat-Medium SDF - Gold.asset
  artifactKey: Guid(b4b31e2f708956e4c857a5ce528418cc) Importer(815301076,1909f56bfc062723c751e8b465ee728b)
Start importing Assets/Art/Font/MontSerrat Thick/Montserrat-Medium SDF - Gold.asset using Guid(b4b31e2f708956e4c857a5ce528418cc) Importer(815301076,1909f56bfc062723c751e8b465ee728b)  -> (artifact id: '1c776627d32fe32c0f89b473a99a2f6b') in 0.145058 seconds
  Import took 0.168211 seconds .

========================================================================
Received Import Request.
  Time since last request: 0.000326 seconds.
  path: Assets/Art/Font/MontSerrat Thick/Montserrat-Medium SDF - Outline.asset
  artifactKey: Guid(f4767dc766dab294fbd97097a20006d0) Importer(815301076,1909f56bfc062723c751e8b465ee728b)
Start importing Assets/Art/Font/MontSerrat Thick/Montserrat-Medium SDF - Outline.asset using Guid(f4767dc766dab294fbd97097a20006d0) Importer(815301076,1909f56bfc062723c751e8b465ee728b)  -> (artifact id: '527520b6c0f1dc738665d381756b888e') in 0.118526 seconds
  Import took 0.129798 seconds .

========================================================================
Received Import Request.
  Time since last request: 0.000306 seconds.
  path: Assets/Art/Font/MontSerrat Thick/Montserrat-Medium SDF - Normal.asset
  artifactKey: Guid(181154aac180d9b4aa5cb823b6c72700) Importer(815301076,1909f56bfc062723c751e8b465ee728b)
Start importing Assets/Art/Font/MontSerrat Thick/Montserrat-Medium SDF - Normal.asset using Guid(181154aac180d9b4aa5cb823b6c72700) Importer(815301076,1909f56bfc062723c751e8b465ee728b)  -> (artifact id: 'bf90c41359e4cf47b3c39c6aa83127c5') in 0.113428 seconds
  Import took 0.119665 seconds .

========================================================================
Received Import Request.
  Time since last request: 0.000322 seconds.
  path: Assets/Art/Font/MontSerrat Thick/Montserrat-Medium SDF - Dark Underlay.asset
  artifactKey: Guid(59015abf800f9bc4ca3f48569ff07748) Importer(815301076,1909f56bfc062723c751e8b465ee728b)
Start importing Assets/Art/Font/MontSerrat Thick/Montserrat-Medium SDF - Dark Underlay.asset using Guid(59015abf800f9bc4ca3f48569ff07748) Importer(815301076,1909f56bfc062723c751e8b465ee728b)  -> (artifact id: '0e096132308209d9401f9f0bcf52e9c6') in 0.117477 seconds
  Import took 0.129673 seconds .

========================================================================
Received Import Request.
  Time since last request: 0.000301 seconds.
  path: Assets/Art/Font/MontSerrat Thick/Montserrat-Medium SDF - Underlay.asset
  artifactKey: Guid(48cc2edbf5839aa43a74875b1ba8a028) Importer(815301076,1909f56bfc062723c751e8b465ee728b)
Start importing Assets/Art/Font/MontSerrat Thick/Montserrat-Medium SDF - Underlay.asset using Guid(48cc2edbf5839aa43a74875b1ba8a028) Importer(815301076,1909f56bfc062723c751e8b465ee728b)  -> (artifact id: 'c01677846a1d7a753d3b411824c12fa4') in 0.145349 seconds
  Import took 0.153616 seconds .

========================================================================
Received Import Request.
  Time since last request: 183.080925 seconds.
  path: Assets/Scripts/John/Cards/DrunkCard.cs
  artifactKey: Guid(bb8addf8f6ad0de4e9c406b13b64382a) Importer(815301076,1909f56bfc062723c751e8b465ee728b)
Start importing Assets/Scripts/John/Cards/DrunkCard.cs using Guid(bb8addf8f6ad0de4e9c406b13b64382a) Importer(815301076,1909f56bfc062723c751e8b465ee728b)  -> (artifact id: '860358dd17bc6be1394e2fe2147e3af4') in 0.033836 seconds
  Import took 0.079836 seconds .

========================================================================
Received Prepare
Registering precompiled user dll's ...
Registered in 0.003392 seconds.
Begin MonoManager ReloadAssembly
Native extension for WindowsStandalone target not found
Refreshing native plugins compatible for Editor in 2.82 ms, found 0 plugins.
Preloading 0 native plugins for Editor in 0.00 ms.
Mono: successfully reloaded assembly
- Completed reload, in  2.213 seconds
Platform modules already initialized, skipping
Switching build target platform(5) subTarget(0) extendedPlatform(0) -> platform(13) subTarget(537395200) extendedPlatform(0)
Shader 'Universal Render Pipeline/Particles/Lit': fallback shader 'Universal Render Pipeline/Particles/SimpleLit' not found
Refreshing native plugins compatible for Editor in 1.24 ms, found 0 plugins.
Preloading 0 native plugins for Editor in 0.00 ms.
Unloading 2718 Unused Serialized files (Serialized files now loaded: 0)
System memory in use before: 145.7 MB.
System memory in use after: 145.9 MB.

Unloading 28 unused Assets to reduce memory usage. Loaded Objects now: 3443.
Total: 4.090500 ms (FindLiveObjects: 0.695000 ms CreateObjectMapping: 0.539200 ms MarkObjects: 2.827000 ms  DeleteObjects: 0.027800 ms)

AssetImportParameters requested are different than current active one (requested -> active):
  custom:graphics/normal-map-encoding: 01000000000000000000000000000000 -> 02000000000000000000000000000000
========================================================================
Received Import Request.
  Time since last request: 484.444298 seconds.
  path: Assets/Prefabs/Cards/ClickCard.prefab
  artifactKey: Guid(a6d3effa8734c9240a31962f669d32e4) Importer(815301076,1909f56bfc062723c751e8b465ee728b)
Start importing Assets/Prefabs/Cards/ClickCard.prefab using Guid(a6d3effa8734c9240a31962f669d32e4) Importer(815301076,1909f56bfc062723c751e8b465ee728b)  -> (artifact id: '4915bd7fdc51f03fba0801cf147769b7') in 0.316468 seconds
  Import took 0.347178 seconds .

========================================================================
Received Import Request.
  Time since last request: 6.029072 seconds.
  path: Assets/Prefabs/Cards/SlowerSharks.prefab
  artifactKey: Guid(6e799fd4136f3db40b265801cce81ce8) Importer(815301076,1909f56bfc062723c751e8b465ee728b)
Start importing Assets/Prefabs/Cards/SlowerSharks.prefab using Guid(6e799fd4136f3db40b265801cce81ce8) Importer(815301076,1909f56bfc062723c751e8b465ee728b)  -> (artifact id: '719f12641a8c06fe9d8b41b52995047e') in 0.301986 seconds
  Import took 0.342120 seconds .

========================================================================
Received Prepare
Registering precompiled user dll's ...
Registered in 0.002696 seconds.
Begin MonoManager ReloadAssembly
Native extension for WindowsStandalone target not found
Refreshing native plugins compatible for Editor in 1.28 ms, found 0 plugins.
Preloading 0 native plugins for Editor in 0.00 ms.
Mono: successfully reloaded assembly
- Completed reload, in  1.733 seconds
Platform modules already initialized, skipping
Switching build target platform(5) subTarget(0) extendedPlatform(0) -> platform(13) subTarget(537395200) extendedPlatform(0)
Shader 'Universal Render Pipeline/Particles/Lit': fallback shader 'Universal Render Pipeline/Particles/SimpleLit' not found
Refreshing native plugins compatible for Editor in 1.02 ms, found 0 plugins.
Preloading 0 native plugins for Editor in 0.00 ms.
Unloading 2718 Unused Serialized files (Serialized files now loaded: 0)
System memory in use before: 145.7 MB.
System memory in use after: 145.9 MB.

Unloading 28 unused Assets to reduce memory usage. Loaded Objects now: 3446.
Total: 4.257700 ms (FindLiveObjects: 0.718000 ms CreateObjectMapping: 0.373700 ms MarkObjects: 3.134100 ms  DeleteObjects: 0.029700 ms)

AssetImportParameters requested are different than current active one (requested -> active):
  custom:graphics/normal-map-encoding: 01000000000000000000000000000000 -> 02000000000000000000000000000000
========================================================================
Received Import Request.
  Time since last request: 124.641959 seconds.
  path: Assets/Prefabs/Cards/ClickCard.prefab
  artifactKey: Guid(a6d3effa8734c9240a31962f669d32e4) Importer(815301076,1909f56bfc062723c751e8b465ee728b)
Start importing Assets/Prefabs/Cards/ClickCard.prefab using Guid(a6d3effa8734c9240a31962f669d32e4) Importer(815301076,1909f56bfc062723c751e8b465ee728b)  -> (artifact id: '3ea086db6f9369794827a9494b7c433c') in 0.289275 seconds
  Import took 0.320476 seconds .

